Total 1 device(s) found.
Loading input file...
Reading /home/yli11/Data/Mouse/mm10/fasta/mm10.fa...
Sending data to devices...
Chunk load started.
1 devices selected to analyze...
Finding pattern in chunk #1...
Comparing patterns in chunk #1...
68.5095 seconds elapsed.
Traceback (most recent call last):
  File "<string>", line 1, in <module>
  File "/hpcf/apps/python/install/2.7.13/lib/python2.7/site-packages/pandas/io/parsers.py", line 709, in parser_f
    return _read(filepath_or_buffer, kwds)
  File "/hpcf/apps/python/install/2.7.13/lib/python2.7/site-packages/pandas/io/parsers.py", line 449, in _read
    parser = TextFileReader(filepath_or_buffer, **kwds)
  File "/hpcf/apps/python/install/2.7.13/lib/python2.7/site-packages/pandas/io/parsers.py", line 818, in __init__
    self._make_engine(self.engine)
  File "/hpcf/apps/python/install/2.7.13/lib/python2.7/site-packages/pandas/io/parsers.py", line 1049, in _make_engine
    self._engine = CParserWrapper(self.f, **self.options)
  File "/hpcf/apps/python/install/2.7.13/lib/python2.7/site-packages/pandas/io/parsers.py", line 1695, in __init__
    self._reader = parsers.TextReader(src, **kwds)
  File "pandas/_libs/parsers.pyx", line 565, in pandas._libs.parsers.TextReader.__cinit__
pandas.errors.EmptyDataError: No columns to parse from file
Traceback (most recent call last):
  File "/home/yli11/HemTools/bin/cas_offinder_output_to_bed.py", line 21, in <module>
    df = pd.read_csv(sys.argv[1],sep="\t",header=None)
  File "/hpcf/apps/python/install/2.7.13/lib/python2.7/site-packages/pandas/io/parsers.py", line 709, in parser_f
    return _read(filepath_or_buffer, kwds)
  File "/hpcf/apps/python/install/2.7.13/lib/python2.7/site-packages/pandas/io/parsers.py", line 449, in _read
    parser = TextFileReader(filepath_or_buffer, **kwds)
  File "/hpcf/apps/python/install/2.7.13/lib/python2.7/site-packages/pandas/io/parsers.py", line 818, in __init__
    self._make_engine(self.engine)
  File "/hpcf/apps/python/install/2.7.13/lib/python2.7/site-packages/pandas/io/parsers.py", line 1049, in _make_engine
    self._engine = CParserWrapper(self.f, **self.options)
  File "/hpcf/apps/python/install/2.7.13/lib/python2.7/site-packages/pandas/io/parsers.py", line 1695, in __init__
    self._reader = parsers.TextReader(src, **kwds)
  File "pandas/_libs/parsers.pyx", line 565, in pandas._libs.parsers.TextReader.__cinit__
pandas.errors.EmptyDataError: No columns to parse from file
sort: cannot read: matches.bed.bed: No such file or directory
rm: cannot remove ‘matches.bed.bed’: No such file or directory
